<?xml version="1.0" encoding="UTF-8"?>
<testsuite name="com.example.testingweb.TestingWebApplicationTest" tests="1" skipped="0" failures="0" errors="0" timestamp="2023-01-12T03:35:08" hostname="THUNDEREDU" time="0.026">
  <properties/>
  <testcase name="shouldReturnDefaultMessage()" classname="com.example.testingweb.TestingWebApplicationTest" time="0.026"/>
  <system-out><![CDATA[2023-01-12 00:35:08.467  INFO 15236 --- [    Test worker] .b.t.c.SpringBootTestContextBootstrapper : Neither @ContextConfiguration nor @ContextHierarchy found for test class [com.example.testingweb.TestingWebApplicationTest], using SpringBootContextLoader
2023-01-12 00:35:08.468  INFO 15236 --- [    Test worker] o.s.t.c.support.AbstractContextLoader    : Could not detect default resource locations for test class [com.example.testingweb.TestingWebApplicationTest]: no resource found for suffixes {-context.xml, Context.groovy}.
2023-01-12 00:35:08.468  INFO 15236 --- [    Test worker] t.c.s.AnnotationConfigContextLoaderUtils : Could not detect default configuration classes for test class [com.example.testingweb.TestingWebApplicationTest]: TestingWebApplicationTest does not declare any static, non-private, non-final, nested classes annotated with @Configuration.
2023-01-12 00:35:08.475  INFO 15236 --- [    Test worker] .b.t.c.SpringBootTestContextBootstrapper : Found @SpringBootConfiguration com.example.testingweb.TestingWebApplication for test class com.example.testingweb.TestingWebApplicationTest
2023-01-12 00:35:08.476  INFO 15236 --- [    Test worker] .b.t.c.SpringBootTestContextBootstrapper : Loaded default TestExecutionListener class names from location [META-INF/spring.factories]: [org.springframework.boot.test.autoconfigure.restdocs.RestDocsTestExecutionListener, org.springframework.boot.test.autoconfigure.web.client.MockRestServiceServerResetTestExecutionListener, org.springframework.boot.test.autoconfigure.web.servlet.MockMvcPrintOnlyOnFailureTestExecutionListener, org.springframework.boot.test.autoconfigure.web.servlet.WebDriverTestExecutionListener, org.springframework.boot.test.autoconfigure.webservices.client.MockWebServiceServerTestExecutionListener, org.springframework.boot.test.mock.mockito.MockitoTestExecutionListener, org.springframework.boot.test.mock.mockito.ResetMocksTestExecutionListener, org.springframework.test.context.web.ServletTestExecutionListener, org.springframework.test.context.support.DirtiesContextBeforeModesTestExecutionListener, org.springframework.test.context.event.ApplicationEventsTestExecutionListener, org.springframework.test.context.support.DependencyInjectionTestExecutionListener, org.springframework.test.context.support.DirtiesContextTestExecutionListener, org.springframework.test.context.transaction.TransactionalTestExecutionListener, org.springframework.test.context.jdbc.SqlScriptsTestExecutionListener, org.springframework.test.context.event.EventPublishingTestExecutionListener]
2023-01-12 00:35:08.477  INFO 15236 --- [    Test worker] .b.t.c.SpringBootTestContextBootstrapper : Using TestExecutionListeners: [org.springframework.test.context.web.ServletTestExecutionListener@747ec509, org.springframework.test.context.support.DirtiesContextBeforeModesTestExecutionListener@6db02232, org.springframework.test.context.event.ApplicationEventsTestExecutionListener@1f09bf03, org.springframework.boot.test.mock.mockito.MockitoTestExecutionListener@bd198ab, org.springframework.boot.test.autoconfigure.SpringBootDependencyInjectionTestExecutionListener@9055255, org.springframework.test.context.support.DirtiesContextTestExecutionListener@65c840f5, org.springframework.test.context.event.EventPublishingTestExecutionListener@37eb1ae8, org.springframework.boot.test.autoconfigure.restdocs.RestDocsTestExecutionListener@30f8d87e, org.springframework.boot.test.autoconfigure.web.client.MockRestServiceServerResetTestExecutionListener@134ca3ce, org.springframework.boot.test.autoconfigure.web.servlet.MockMvcPrintOnlyOnFailureTestExecutionListener@34a496ba, org.springframework.boot.test.autoconfigure.web.servlet.WebDriverTestExecutionListener@5b77e69c, org.springframework.boot.test.autoconfigure.webservices.client.MockWebServiceServerTestExecutionListener@2d3afea4, org.springframework.boot.test.mock.mockito.ResetMocksTestExecutionListener@5b9e7a1e]

  .   ____          _            __ _ _
 /\\ / ___'_ __ _ _(_)_ __  __ _ \ \ \ \
( ( )\___ | '_ | '_| | '_ \/ _` | \ \ \ \
 \\/  ___)| |_)| | | | | || (_| |  ) ) ) )
  '  |____| .__|_| |_|_| |_\__, | / / / /
 =========|_|==============|___/=/_/_/_/
 :: Spring Boot ::                (v2.6.3)

2023-01-12 00:35:08.502  INFO 15236 --- [    Test worker] c.e.t.TestingWebApplicationTest          : Starting TestingWebApplicationTest using Java 1.8.0_202 on ThunderEdu with PID 15236 (started by neo_l in D:\Edu\OneDrive\Documentos\USACH\DevOps-Foundation-v3\microservicio-spring)
2023-01-12 00:35:08.502  INFO 15236 --- [    Test worker] c.e.t.TestingWebApplicationTest          : No active profile set, falling back to default profiles: default
2023-01-12 00:35:08.813  INFO 15236 --- [    Test worker] o.s.b.t.m.w.SpringBootMockServletContext : Initializing Spring TestDispatcherServlet ''
2023-01-12 00:35:08.813  INFO 15236 --- [    Test worker] o.s.t.web.servlet.TestDispatcherServlet  : Initializing Servlet ''
2023-01-12 00:35:08.814  INFO 15236 --- [    Test worker] o.s.t.web.servlet.TestDispatcherServlet  : Completed initialization in 1 ms
2023-01-12 00:35:08.824  INFO 15236 --- [    Test worker] c.e.t.TestingWebApplicationTest          : Started TestingWebApplicationTest in 0.341 seconds (JVM running for 4.28)

MockHttpServletRequest:
      HTTP Method = GET
      Request URI = /
       Parameters = {}
          Headers = []
             Body = null
    Session Attrs = {}

Handler:
             Type = com.example.testingweb.HomeController
           Method = com.example.testingweb.HomeController#greeting()

Async:
    Async started = false
     Async result = null

Resolved Exception:
             Type = null

ModelAndView:
        View name = null
             View = null
            Model = null

FlashMap:
       Attributes = null

MockHttpServletResponse:
           Status = 200
    Error message = null
          Headers = [Content-Type:"text/plain;charset=UTF-8", Content-Length:"58"]
     Content type = text/plain;charset=UTF-8
             Body = Finaliza el curso DevOps Foundation V3 - Eduardo Torres J.
    Forwarded URL = null
   Redirected URL = null
          Cookies = []
]]></system-out>
  <system-err><![CDATA[]]></system-err>
</testsuite>
