<?xml version="1.0" encoding="UTF-8"?>
<testsuite name="com.example.testingweb.TestingWebApplicationTest" tests="1" skipped="0" failures="0" errors="0" timestamp="2023-01-12T00:57:04" hostname="THUNDEREDU" time="0.049">
  <properties/>
  <testcase name="shouldReturnDefaultMessage()" classname="com.example.testingweb.TestingWebApplicationTest" time="0.049"/>
  <system-out><![CDATA[2023-01-11 21:57:04.142  INFO 13516 --- [    Test worker] .b.t.c.SpringBootTestContextBootstrapper : Neither @ContextConfiguration nor @ContextHierarchy found for test class [com.example.testingweb.TestingWebApplicationTest], using SpringBootContextLoader
2023-01-11 21:57:04.142  INFO 13516 --- [    Test worker] o.s.t.c.support.AbstractContextLoader    : Could not detect default resource locations for test class [com.example.testingweb.TestingWebApplicationTest]: no resource found for suffixes {-context.xml, Context.groovy}.
2023-01-11 21:57:04.142  INFO 13516 --- [    Test worker] t.c.s.AnnotationConfigContextLoaderUtils : Could not detect default configuration classes for test class [com.example.testingweb.TestingWebApplicationTest]: TestingWebApplicationTest does not declare any static, non-private, non-final, nested classes annotated with @Configuration.
2023-01-11 21:57:04.149  INFO 13516 --- [    Test worker] .b.t.c.SpringBootTestContextBootstrapper : Found @SpringBootConfiguration com.example.testingweb.TestingWebApplication for test class com.example.testingweb.TestingWebApplicationTest
2023-01-11 21:57:04.151  INFO 13516 --- [    Test worker] .b.t.c.SpringBootTestContextBootstrapper : Loaded default TestExecutionListener class names from location [META-INF/spring.factories]: [org.springframework.boot.test.autoconfigure.restdocs.RestDocsTestExecutionListener, org.springframework.boot.test.autoconfigure.web.client.MockRestServiceServerResetTestExecutionListener, org.springframework.boot.test.autoconfigure.web.servlet.MockMvcPrintOnlyOnFailureTestExecutionListener, org.springframework.boot.test.autoconfigure.web.servlet.WebDriverTestExecutionListener, org.springframework.boot.test.autoconfigure.webservices.client.MockWebServiceServerTestExecutionListener, org.springframework.boot.test.mock.mockito.MockitoTestExecutionListener, org.springframework.boot.test.mock.mockito.ResetMocksTestExecutionListener, org.springframework.test.context.web.ServletTestExecutionListener, org.springframework.test.context.support.DirtiesContextBeforeModesTestExecutionListener, org.springframework.test.context.event.ApplicationEventsTestExecutionListener, org.springframework.test.context.support.DependencyInjectionTestExecutionListener, org.springframework.test.context.support.DirtiesContextTestExecutionListener, org.springframework.test.context.transaction.TransactionalTestExecutionListener, org.springframework.test.context.jdbc.SqlScriptsTestExecutionListener, org.springframework.test.context.event.EventPublishingTestExecutionListener]
2023-01-11 21:57:04.151  INFO 13516 --- [    Test worker] .b.t.c.SpringBootTestContextBootstrapper : Using TestExecutionListeners: [org.springframework.test.context.web.ServletTestExecutionListener@27323621, org.springframework.test.context.support.DirtiesContextBeforeModesTestExecutionListener@15f867ed, org.springframework.test.context.event.ApplicationEventsTestExecutionListener@7c92320d, org.springframework.boot.test.mock.mockito.MockitoTestExecutionListener@228cccb5, org.springframework.boot.test.autoconfigure.SpringBootDependencyInjectionTestExecutionListener@14b975fb, org.springframework.test.context.support.DirtiesContextTestExecutionListener@42a8af8e, org.springframework.test.context.event.EventPublishingTestExecutionListener@2fc7ff8c, org.springframework.boot.test.autoconfigure.restdocs.RestDocsTestExecutionListener@6b6a77a5, org.springframework.boot.test.autoconfigure.web.client.MockRestServiceServerResetTestExecutionListener@3423c19e, org.springframework.boot.test.autoconfigure.web.servlet.MockMvcPrintOnlyOnFailureTestExecutionListener@33f0cc4b, org.springframework.boot.test.autoconfigure.web.servlet.WebDriverTestExecutionListener@23db6e26, org.springframework.boot.test.autoconfigure.webservices.client.MockWebServiceServerTestExecutionListener@1b34e2a7, org.springframework.boot.test.mock.mockito.ResetMocksTestExecutionListener@3131ff6e]

  .   ____          _            __ _ _
 /\\ / ___'_ __ _ _(_)_ __  __ _ \ \ \ \
( ( )\___ | '_ | '_| | '_ \/ _` | \ \ \ \
 \\/  ___)| |_)| | | | | || (_| |  ) ) ) )
  '  |____| .__|_| |_|_| |_\__, | / / / /
 =========|_|==============|___/=/_/_/_/
 :: Spring Boot ::                (v2.6.3)

2023-01-11 21:57:04.180  INFO 13516 --- [    Test worker] c.e.t.TestingWebApplicationTest          : Starting TestingWebApplicationTest using Java 1.8.0_202 on ThunderEdu with PID 13516 (started by neo_l in D:\Edu\OneDrive\Documentos\USACH\DevOps-Foundation-v3\microservicio-spring)
2023-01-11 21:57:04.180  INFO 13516 --- [    Test worker] c.e.t.TestingWebApplicationTest          : No active profile set, falling back to default profiles: default
2023-01-11 21:57:04.599  INFO 13516 --- [    Test worker] o.s.b.t.m.w.SpringBootMockServletContext : Initializing Spring TestDispatcherServlet ''
2023-01-11 21:57:04.599  INFO 13516 --- [    Test worker] o.s.t.web.servlet.TestDispatcherServlet  : Initializing Servlet ''
2023-01-11 21:57:04.603  INFO 13516 --- [    Test worker] o.s.t.web.servlet.TestDispatcherServlet  : Completed initialization in 0 ms
2023-01-11 21:57:04.609  INFO 13516 --- [    Test worker] c.e.t.TestingWebApplicationTest          : Started TestingWebApplicationTest in 0.455 seconds (JVM running for 5.169)

MockHttpServletRequest:
      HTTP Method = GET
      Request URI = /
       Parameters = {}
          Headers = []
             Body = null
    Session Attrs = {}

Handler:
             Type = com.example.testingweb.HomeController
           Method = com.example.testingweb.HomeController#greeting()

Async:
    Async started = false
     Async result = null

Resolved Exception:
             Type = null

ModelAndView:
        View name = null
             View = null
            Model = null

FlashMap:
       Attributes = null

MockHttpServletResponse:
           Status = 200
    Error message = null
          Headers = [Content-Type:"text/plain;charset=UTF-8", Content-Length:"12"]
     Content type = text/plain;charset=UTF-8
             Body = Hello, World
    Forwarded URL = null
   Redirected URL = null
          Cookies = []
]]></system-out>
  <system-err><![CDATA[]]></system-err>
</testsuite>
