<?xml version="1.0" encoding="UTF-8"?>
<testsuite name="com.example.testingweb.HttpRequestTest" tests="1" skipped="0" failures="0" errors="0" timestamp="2023-01-12T03:35:08" hostname="THUNDEREDU" time="0.351">
  <properties/>
  <testcase name="greetingShouldReturnDefaultMessage()" classname="com.example.testingweb.HttpRequestTest" time="0.351"/>
  <system-out><![CDATA[00:35:06.116 [Test worker] DEBUG org.springframework.test.context.BootstrapUtils - Instantiating CacheAwareContextLoaderDelegate from class [org.springframework.test.context.cache.DefaultCacheAwareContextLoaderDelegate]
00:35:06.128 [Test worker] DEBUG org.springframework.test.context.BootstrapUtils - Instantiating BootstrapContext using constructor [public org.springframework.test.context.support.DefaultBootstrapContext(java.lang.Class,org.springframework.test.context.CacheAwareContextLoaderDelegate)]
00:35:06.172 [Test worker] DEBUG org.springframework.test.context.BootstrapUtils - Instantiating TestContextBootstrapper for test class [com.example.testingweb.HttpRequestTest] from class [org.springframework.boot.test.context.SpringBootTestContextBootstrapper]
00:35:06.185 [Test worker] INFO org.springframework.boot.test.context.SpringBootTestContextBootstrapper - Neither @ContextConfiguration nor @ContextHierarchy found for test class [com.example.testingweb.HttpRequestTest], using SpringBootContextLoader
00:35:06.193 [Test worker] DEBUG org.springframework.test.context.support.AbstractContextLoader - Did not detect default resource location for test class [com.example.testingweb.HttpRequestTest]: class path resource [com/example/testingweb/HttpRequestTest-context.xml] does not exist
00:35:06.193 [Test worker] DEBUG org.springframework.test.context.support.AbstractContextLoader - Did not detect default resource location for test class [com.example.testingweb.HttpRequestTest]: class path resource [com/example/testingweb/HttpRequestTestContext.groovy] does not exist
00:35:06.194 [Test worker] INFO org.springframework.test.context.support.AbstractContextLoader - Could not detect default resource locations for test class [com.example.testingweb.HttpRequestTest]: no resource found for suffixes {-context.xml, Context.groovy}.
00:35:06.195 [Test worker] INFO org.springframework.test.context.support.AnnotationConfigContextLoaderUtils - Could not detect default configuration classes for test class [com.example.testingweb.HttpRequestTest]: HttpRequestTest does not declare any static, non-private, non-final, nested classes annotated with @Configuration.
00:35:06.244 [Test worker] DEBUG org.springframework.test.context.support.ActiveProfilesUtils - Could not find an 'annotation declaring class' for annotation type [org.springframework.test.context.ActiveProfiles] and class [com.example.testingweb.HttpRequestTest]
00:35:06.324 [Test worker] DEBUG org.springframework.context.annotation.ClassPathScanningCandidateComponentProvider - Identified candidate component class: file [D:\Edu\OneDrive\Documentos\USACH\DevOps-Foundation-v3\microservicio-spring\build\classes\java\main\com\example\testingweb\TestingWebApplication.class]
00:35:06.326 [Test worker] INFO org.springframework.boot.test.context.SpringBootTestContextBootstrapper - Found @SpringBootConfiguration com.example.testingweb.TestingWebApplication for test class com.example.testingweb.HttpRequestTest
00:35:06.438 [Test worker] DEBUG org.springframework.boot.test.context.SpringBootTestContextBootstrapper - @TestExecutionListeners is not present for class [com.example.testingweb.HttpRequestTest]: using defaults.
00:35:06.439 [Test worker] INFO org.springframework.boot.test.context.SpringBootTestContextBootstrapper - Loaded default TestExecutionListener class names from location [META-INF/spring.factories]: [org.springframework.boot.test.autoconfigure.restdocs.RestDocsTestExecutionListener, org.springframework.boot.test.autoconfigure.web.client.MockRestServiceServerResetTestExecutionListener, org.springframework.boot.test.autoconfigure.web.servlet.MockMvcPrintOnlyOnFailureTestExecutionListener, org.springframework.boot.test.autoconfigure.web.servlet.WebDriverTestExecutionListener, org.springframework.boot.test.autoconfigure.webservices.client.MockWebServiceServerTestExecutionListener, org.springframework.boot.test.mock.mockito.MockitoTestExecutionListener, org.springframework.boot.test.mock.mockito.ResetMocksTestExecutionListener, org.springframework.test.context.web.ServletTestExecutionListener, org.springframework.test.context.support.DirtiesContextBeforeModesTestExecutionListener, org.springframework.test.context.event.ApplicationEventsTestExecutionListener, org.springframework.test.context.support.DependencyInjectionTestExecutionListener, org.springframework.test.context.support.DirtiesContextTestExecutionListener, org.springframework.test.context.transaction.TransactionalTestExecutionListener, org.springframework.test.context.jdbc.SqlScriptsTestExecutionListener, org.springframework.test.context.event.EventPublishingTestExecutionListener]
00:35:06.450 [Test worker] DEBUG org.springframework.boot.test.context.SpringBootTestContextBootstrapper - Skipping candidate TestExecutionListener [org.springframework.test.context.transaction.TransactionalTestExecutionListener] due to a missing dependency. Specify custom listener classes or make the default listener classes and their required dependencies available. Offending class: [org/springframework/transaction/interceptor/TransactionAttributeSource]
00:35:06.451 [Test worker] DEBUG org.springframework.boot.test.context.SpringBootTestContextBootstrapper - Skipping candidate TestExecutionListener [org.springframework.test.context.jdbc.SqlScriptsTestExecutionListener] due to a missing dependency. Specify custom listener classes or make the default listener classes and their required dependencies available. Offending class: [org/springframework/transaction/interceptor/TransactionAttribute]
00:35:06.451 [Test worker] INFO org.springframework.boot.test.context.SpringBootTestContextBootstrapper - Using TestExecutionListeners: [org.springframework.test.context.web.ServletTestExecutionListener@7901d758, org.springframework.test.context.support.DirtiesContextBeforeModesTestExecutionListener@1c945c8d, org.springframework.test.context.event.ApplicationEventsTestExecutionListener@655ec6b3, org.springframework.boot.test.mock.mockito.MockitoTestExecutionListener@785e00e8, org.springframework.boot.test.autoconfigure.SpringBootDependencyInjectionTestExecutionListener@f12b3ac, org.springframework.test.context.support.DirtiesContextTestExecutionListener@31dcf6f7, org.springframework.test.context.event.EventPublishingTestExecutionListener@22a4d521, org.springframework.boot.test.autoconfigure.restdocs.RestDocsTestExecutionListener@2af5d8dd, org.springframework.boot.test.autoconfigure.web.client.MockRestServiceServerResetTestExecutionListener@30e091fc, org.springframework.boot.test.autoconfigure.web.servlet.MockMvcPrintOnlyOnFailureTestExecutionListener@66ddb259, org.springframework.boot.test.autoconfigure.web.servlet.WebDriverTestExecutionListener@62546e7e, org.springframework.boot.test.autoconfigure.webservices.client.MockWebServiceServerTestExecutionListener@666371d9, org.springframework.boot.test.mock.mockito.ResetMocksTestExecutionListener@52387398]
00:35:06.455 [Test worker] DEBUG org.springframework.test.context.support.AbstractDirtiesContextTestExecutionListener - Before test class: context [DefaultTestContext@66df6c46 testClass = HttpRequestTest, testInstance = [null], testMethod = [null], testException = [null], mergedContextConfiguration = [WebMergedContextConfiguration@301dc78 testClass = HttpRequestTest, locations = '{}', classes = '{class com.example.testingweb.TestingWebApplication}', contextInitializerClasses = '[]', activeProfiles = '{}', propertySourceLocations = '{}', propertySourceProperties = '{org.springframework.boot.test.context.SpringBootTestContextBootstrapper=true, server.port=0}', contextCustomizers = set[org.springframework.boot.test.autoconfigure.actuate.metrics.MetricsExportContextCustomizerFactory$DisableMetricExportContextCustomizer@6a96fa7, org.springframework.boot.test.autoconfigure.properties.PropertyMappingContextCustomizer@0, org.springframework.boot.test.autoconfigure.web.servlet.WebDriverContextCustomizerFactory$Customizer@764834c9, org.springframework.boot.test.context.filter.ExcludeFilterContextCustomizer@67fff37a, org.springframework.boot.test.json.DuplicateJsonObjectContextCustomizerFactory$DuplicateJsonObjectContextCustomizer@20ffc946, org.springframework.boot.test.mock.mockito.MockitoContextCustomizer@0, org.springframework.boot.test.web.client.TestRestTemplateContextCustomizer@4709ad0e, org.springframework.boot.test.context.SpringBootTestArgs@1, org.springframework.boot.test.context.SpringBootTestWebEnvironment@78216c9a], resourceBasePath = 'src/main/webapp', contextLoader = 'org.springframework.boot.test.context.SpringBootContextLoader', parent = [null]], attributes = map['org.springframework.test.context.web.ServletTestExecutionListener.activateListener' -> false]], class annotated with @DirtiesContext [false] with mode [null].
00:35:06.464 [Test worker] DEBUG org.springframework.test.context.support.DependencyInjectionTestExecutionListener - Performing dependency injection for test context [[DefaultTestContext@66df6c46 testClass = HttpRequestTest, testInstance = com.example.testingweb.HttpRequestTest@4039fc44, testMethod = [null], testException = [null], mergedContextConfiguration = [WebMergedContextConfiguration@301dc78 testClass = HttpRequestTest, locations = '{}', classes = '{class com.example.testingweb.TestingWebApplication}', contextInitializerClasses = '[]', activeProfiles = '{}', propertySourceLocations = '{}', propertySourceProperties = '{org.springframework.boot.test.context.SpringBootTestContextBootstrapper=true, server.port=0}', contextCustomizers = set[org.springframework.boot.test.autoconfigure.actuate.metrics.MetricsExportContextCustomizerFactory$DisableMetricExportContextCustomizer@6a96fa7, org.springframework.boot.test.autoconfigure.properties.PropertyMappingContextCustomizer@0, org.springframework.boot.test.autoconfigure.web.servlet.WebDriverContextCustomizerFactory$Customizer@764834c9, org.springframework.boot.test.context.filter.ExcludeFilterContextCustomizer@67fff37a, org.springframework.boot.test.json.DuplicateJsonObjectContextCustomizerFactory$DuplicateJsonObjectContextCustomizer@20ffc946, org.springframework.boot.test.mock.mockito.MockitoContextCustomizer@0, org.springframework.boot.test.web.client.TestRestTemplateContextCustomizer@4709ad0e, org.springframework.boot.test.context.SpringBootTestArgs@1, org.springframework.boot.test.context.SpringBootTestWebEnvironment@78216c9a], resourceBasePath = 'src/main/webapp', contextLoader = 'org.springframework.boot.test.context.SpringBootContextLoader', parent = [null]], attributes = map['org.springframework.test.context.web.ServletTestExecutionListener.activateListener' -> false, 'org.springframework.test.context.event.ApplicationEventsTestExecutionListener.recordApplicationEvents' -> false]]].

  .   ____          _            __ _ _
 /\\ / ___'_ __ _ _(_)_ __  __ _ \ \ \ \
( ( )\___ | '_ | '_| | '_ \/ _` | \ \ \ \
 \\/  ___)| |_)| | | | | || (_| |  ) ) ) )
  '  |____| .__|_| |_|_| |_\__, | / / / /
 =========|_|==============|___/=/_/_/_/
 :: Spring Boot ::                (v2.6.3)

2023-01-12 00:35:06.732  INFO 15236 --- [    Test worker] com.example.testingweb.HttpRequestTest   : Starting HttpRequestTest using Java 1.8.0_202 on ThunderEdu with PID 15236 (started by neo_l in D:\Edu\OneDrive\Documentos\USACH\DevOps-Foundation-v3\microservicio-spring)
2023-01-12 00:35:06.733  INFO 15236 --- [    Test worker] com.example.testingweb.HttpRequestTest   : No active profile set, falling back to default profiles: default
2023-01-12 00:35:07.554  INFO 15236 --- [    Test worker] o.s.b.w.embedded.tomcat.TomcatWebServer  : Tomcat initialized with port(s): 0 (http)
2023-01-12 00:35:07.565  INFO 15236 --- [    Test worker] o.apache.catalina.core.StandardService   : Starting service [Tomcat]
2023-01-12 00:35:07.566  INFO 15236 --- [    Test worker] org.apache.catalina.core.StandardEngine  : Starting Servlet engine: [Apache Tomcat/9.0.56]
2023-01-12 00:35:07.635  INFO 15236 --- [    Test worker] o.a.c.c.C.[Tomcat].[localhost].[/]       : Initializing Spring embedded WebApplicationContext
2023-01-12 00:35:07.635  INFO 15236 --- [    Test worker] w.s.c.ServletWebServerApplicationContext : Root WebApplicationContext: initialization completed in 882 ms
2023-01-12 00:35:08.096  INFO 15236 --- [    Test worker] o.s.b.w.embedded.tomcat.TomcatWebServer  : Tomcat started on port(s): 49225 (http) with context path ''
2023-01-12 00:35:08.104  INFO 15236 --- [    Test worker] com.example.testingweb.HttpRequestTest   : Started HttpRequestTest in 1.617 seconds (JVM running for 3.56)
2023-01-12 00:35:08.363  INFO 15236 --- [o-auto-1-exec-1] o.a.c.c.C.[Tomcat].[localhost].[/]       : Initializing Spring DispatcherServlet 'dispatcherServlet'
2023-01-12 00:35:08.363  INFO 15236 --- [o-auto-1-exec-1] o.s.web.servlet.DispatcherServlet        : Initializing Servlet 'dispatcherServlet'
2023-01-12 00:35:08.364  INFO 15236 --- [o-auto-1-exec-1] o.s.web.servlet.DispatcherServlet        : Completed initialization in 1 ms
]]></system-out>
  <system-err><![CDATA[]]></system-err>
</testsuite>
