<?xml version="1.0" encoding="UTF-8"?>
<testsuite name="com.example.testingweb.SmokeTest" tests="1" skipped="0" failures="0" errors="0" timestamp="2023-01-12T03:35:09" hostname="THUNDEREDU" time="0.002">
  <properties/>
  <testcase name="contextLoads()" classname="com.example.testingweb.SmokeTest" time="0.002"/>
  <system-out><![CDATA[2023-01-12 00:35:09.126  INFO 15236 --- [    Test worker] .b.t.c.SpringBootTestContextBootstrapper : Neither @ContextConfiguration nor @ContextHierarchy found for test class [com.example.testingweb.SmokeTest], using SpringBootContextLoader
2023-01-12 00:35:09.126  INFO 15236 --- [    Test worker] o.s.t.c.support.AbstractContextLoader    : Could not detect default resource locations for test class [com.example.testingweb.SmokeTest]: no resource found for suffixes {-context.xml, Context.groovy}.
2023-01-12 00:35:09.127  INFO 15236 --- [    Test worker] t.c.s.AnnotationConfigContextLoaderUtils : Could not detect default configuration classes for test class [com.example.testingweb.SmokeTest]: SmokeTest does not declare any static, non-private, non-final, nested classes annotated with @Configuration.
2023-01-12 00:35:09.127  INFO 15236 --- [    Test worker] .b.t.c.SpringBootTestContextBootstrapper : Found @SpringBootConfiguration com.example.testingweb.TestingWebApplication for test class com.example.testingweb.SmokeTest
2023-01-12 00:35:09.128  INFO 15236 --- [    Test worker] .b.t.c.SpringBootTestContextBootstrapper : Loaded default TestExecutionListener class names from location [META-INF/spring.factories]: [org.springframework.boot.test.autoconfigure.restdocs.RestDocsTestExecutionListener, org.springframework.boot.test.autoconfigure.web.client.MockRestServiceServerResetTestExecutionListener, org.springframework.boot.test.autoconfigure.web.servlet.MockMvcPrintOnlyOnFailureTestExecutionListener, org.springframework.boot.test.autoconfigure.web.servlet.WebDriverTestExecutionListener, org.springframework.boot.test.autoconfigure.webservices.client.MockWebServiceServerTestExecutionListener, org.springframework.boot.test.mock.mockito.MockitoTestExecutionListener, org.springframework.boot.test.mock.mockito.ResetMocksTestExecutionListener, org.springframework.test.context.web.ServletTestExecutionListener, org.springframework.test.context.support.DirtiesContextBeforeModesTestExecutionListener, org.springframework.test.context.event.ApplicationEventsTestExecutionListener, org.springframework.test.context.support.DependencyInjectionTestExecutionListener, org.springframework.test.context.support.DirtiesContextTestExecutionListener, org.springframework.test.context.transaction.TransactionalTestExecutionListener, org.springframework.test.context.jdbc.SqlScriptsTestExecutionListener, org.springframework.test.context.event.EventPublishingTestExecutionListener]
2023-01-12 00:35:09.129  INFO 15236 --- [    Test worker] .b.t.c.SpringBootTestContextBootstrapper : Using TestExecutionListeners: [org.springframework.test.context.web.ServletTestExecutionListener@52536540, org.springframework.test.context.support.DirtiesContextBeforeModesTestExecutionListener@14030ed7, org.springframework.test.context.event.ApplicationEventsTestExecutionListener@5ed7f66f, org.springframework.boot.test.mock.mockito.MockitoTestExecutionListener@5c334677, org.springframework.boot.test.autoconfigure.SpringBootDependencyInjectionTestExecutionListener@158341d4, org.springframework.test.context.support.DirtiesContextTestExecutionListener@197a8005, org.springframework.test.context.event.EventPublishingTestExecutionListener@78ff79cb, org.springframework.boot.test.autoconfigure.restdocs.RestDocsTestExecutionListener@3eb9885d, org.springframework.boot.test.autoconfigure.web.client.MockRestServiceServerResetTestExecutionListener@313be3bf, org.springframework.boot.test.autoconfigure.web.servlet.MockMvcPrintOnlyOnFailureTestExecutionListener@7c0c3735, org.springframework.boot.test.autoconfigure.web.servlet.WebDriverTestExecutionListener@7fbe285e, org.springframework.boot.test.autoconfigure.webservices.client.MockWebServiceServerTestExecutionListener@db7ac94, org.springframework.boot.test.mock.mockito.ResetMocksTestExecutionListener@637f9086]

  .   ____          _            __ _ _
 /\\ / ___'_ __ _ _(_)_ __  __ _ \ \ \ \
( ( )\___ | '_ | '_| | '_ \/ _` | \ \ \ \
 \\/  ___)| |_)| | | | | || (_| |  ) ) ) )
  '  |____| .__|_| |_|_| |_\__, | / / / /
 =========|_|==============|___/=/_/_/_/
 :: Spring Boot ::                (v2.6.3)

2023-01-12 00:35:09.141  INFO 15236 --- [    Test worker] com.example.testingweb.SmokeTest         : Starting SmokeTest using Java 1.8.0_202 on ThunderEdu with PID 15236 (started by neo_l in D:\Edu\OneDrive\Documentos\USACH\DevOps-Foundation-v3\microservicio-spring)
2023-01-12 00:35:09.141  INFO 15236 --- [    Test worker] com.example.testingweb.SmokeTest         : No active profile set, falling back to default profiles: default
2023-01-12 00:35:09.508  INFO 15236 --- [    Test worker] com.example.testingweb.SmokeTest         : Started SmokeTest in 0.379 seconds (JVM running for 4.964)
]]></system-out>
  <system-err><![CDATA[]]></system-err>
</testsuite>
