<?xml version="1.0" encoding="UTF-8"?>
<testsuite name="com.example.testingweb.SmokeTest" tests="1" skipped="0" failures="0" errors="0" timestamp="2023-01-12T00:57:04" hostname="THUNDEREDU" time="0.004">
  <properties/>
  <testcase name="contextLoads()" classname="com.example.testingweb.SmokeTest" time="0.004"/>
  <system-out><![CDATA[2023-01-11 21:57:03.737  INFO 13516 --- [    Test worker] .b.t.c.SpringBootTestContextBootstrapper : Neither @ContextConfiguration nor @ContextHierarchy found for test class [com.example.testingweb.SmokeTest], using SpringBootContextLoader
2023-01-11 21:57:03.737  INFO 13516 --- [    Test worker] o.s.t.c.support.AbstractContextLoader    : Could not detect default resource locations for test class [com.example.testingweb.SmokeTest]: no resource found for suffixes {-context.xml, Context.groovy}.
2023-01-11 21:57:03.738  INFO 13516 --- [    Test worker] t.c.s.AnnotationConfigContextLoaderUtils : Could not detect default configuration classes for test class [com.example.testingweb.SmokeTest]: SmokeTest does not declare any static, non-private, non-final, nested classes annotated with @Configuration.
2023-01-11 21:57:03.739  INFO 13516 --- [    Test worker] .b.t.c.SpringBootTestContextBootstrapper : Found @SpringBootConfiguration com.example.testingweb.TestingWebApplication for test class com.example.testingweb.SmokeTest
2023-01-11 21:57:03.741  INFO 13516 --- [    Test worker] .b.t.c.SpringBootTestContextBootstrapper : Loaded default TestExecutionListener class names from location [META-INF/spring.factories]: [org.springframework.boot.test.autoconfigure.restdocs.RestDocsTestExecutionListener, org.springframework.boot.test.autoconfigure.web.client.MockRestServiceServerResetTestExecutionListener, org.springframework.boot.test.autoconfigure.web.servlet.MockMvcPrintOnlyOnFailureTestExecutionListener, org.springframework.boot.test.autoconfigure.web.servlet.WebDriverTestExecutionListener, org.springframework.boot.test.autoconfigure.webservices.client.MockWebServiceServerTestExecutionListener, org.springframework.boot.test.mock.mockito.MockitoTestExecutionListener, org.springframework.boot.test.mock.mockito.ResetMocksTestExecutionListener, org.springframework.test.context.web.ServletTestExecutionListener, org.springframework.test.context.support.DirtiesContextBeforeModesTestExecutionListener, org.springframework.test.context.event.ApplicationEventsTestExecutionListener, org.springframework.test.context.support.DependencyInjectionTestExecutionListener, org.springframework.test.context.support.DirtiesContextTestExecutionListener, org.springframework.test.context.transaction.TransactionalTestExecutionListener, org.springframework.test.context.jdbc.SqlScriptsTestExecutionListener, org.springframework.test.context.event.EventPublishingTestExecutionListener]
2023-01-11 21:57:03.745  INFO 13516 --- [    Test worker] .b.t.c.SpringBootTestContextBootstrapper : Using TestExecutionListeners: [org.springframework.test.context.web.ServletTestExecutionListener@425f027f, org.springframework.test.context.support.DirtiesContextBeforeModesTestExecutionListener@5eaeee35, org.springframework.test.context.event.ApplicationEventsTestExecutionListener@191e49e2, org.springframework.boot.test.mock.mockito.MockitoTestExecutionListener@53fdda98, org.springframework.boot.test.autoconfigure.SpringBootDependencyInjectionTestExecutionListener@690b7662, org.springframework.test.context.support.DirtiesContextTestExecutionListener@407de230, org.springframework.test.context.event.EventPublishingTestExecutionListener@2bc7f284, org.springframework.boot.test.autoconfigure.restdocs.RestDocsTestExecutionListener@16d3c47e, org.springframework.boot.test.autoconfigure.web.client.MockRestServiceServerResetTestExecutionListener@245918a0, org.springframework.boot.test.autoconfigure.web.servlet.MockMvcPrintOnlyOnFailureTestExecutionListener@b1a1279, org.springframework.boot.test.autoconfigure.web.servlet.WebDriverTestExecutionListener@1f5d924c, org.springframework.boot.test.autoconfigure.webservices.client.MockWebServiceServerTestExecutionListener@172555ed, org.springframework.boot.test.mock.mockito.ResetMocksTestExecutionListener@7b55c3b1]

  .   ____          _            __ _ _
 /\\ / ___'_ __ _ _(_)_ __  __ _ \ \ \ \
( ( )\___ | '_ | '_| | '_ \/ _` | \ \ \ \
 \\/  ___)| |_)| | | | | || (_| |  ) ) ) )
  '  |____| .__|_| |_|_| |_\__, | / / / /
 =========|_|==============|___/=/_/_/_/
 :: Spring Boot ::                (v2.6.3)

2023-01-11 21:57:03.777  INFO 13516 --- [    Test worker] com.example.testingweb.SmokeTest         : Starting SmokeTest using Java 1.8.0_202 on ThunderEdu with PID 13516 (started by neo_l in D:\Edu\OneDrive\Documentos\USACH\DevOps-Foundation-v3\microservicio-spring)
2023-01-11 21:57:03.777  INFO 13516 --- [    Test worker] com.example.testingweb.SmokeTest         : No active profile set, falling back to default profiles: default
2023-01-11 21:57:04.122  INFO 13516 --- [    Test worker] com.example.testingweb.SmokeTest         : Started SmokeTest in 0.37 seconds (JVM running for 4.682)
]]></system-out>
  <system-err><![CDATA[]]></system-err>
</testsuite>
